<?xml version="1.0" encoding="UTF-8"?>
<!-- Generated by org.testng.reporters.JUnitReportReporter -->
<testsuite hostname="DESKTOP-DT9DN0T" failures="0" tests="2" name="SeleniumScripts.Practice.GridDemo" time="17.583" errors="0" timestamp="2022-06-09T16:20:36 IST" skipped="0">
  <testcase classname="SeleniumScripts.Practice.GridDemo" name="Grid1" time="7.847"/>
  <system-out/>
  <testcase classname="SeleniumScripts.Practice.GridDemo" name="Grid" time="9.736"/>
  <system-out/>
</testsuite> <!-- SeleniumScripts.Practice.GridDemo -->
