<?xml version="1.0" encoding="UTF-8"?>
<!-- Generated by org.testng.reporters.JUnitReportReporter -->
<testsuite hostname="DESKTOP-DT9DN0T" failures="0" tests="1" name="TestNGPack2.TestNGDemo2" time="12.065" errors="0" timestamp="2022-06-09T14:19:08 IST" skipped="0">
  <testcase classname="TestNGPack2.TestNGDemo2" name="googleSearch" time="12.065"/>
  <system-out/>
</testsuite> <!-- TestNGPack2.TestNGDemo2 -->
